  Packet.cpp
  PEMAIN.cpp
PEMAIN.cpp(274): warning C4244: '=': 'double'에서 'int'(으)로 변환하면서 데이터가 손실될 수 있습니다.
PEMAIN.cpp(419): warning C4244: '+=': 'double'에서 'int'(으)로 변환하면서 데이터가 손실될 수 있습니다.
PEMAIN.cpp(445): warning C4244: '-=': 'double'에서 'int'(으)로 변환하면서 데이터가 손실될 수 있습니다.
PEMAIN.cpp(454): warning C4244: '+=': 'double'에서 'int'(으)로 변환하면서 데이터가 손실될 수 있습니다.
PEMAIN.cpp(469): warning C4244: '-=': 'double'에서 'int'(으)로 변환하면서 데이터가 손실될 수 있습니다.
PEMAIN.cpp(497): warning C4244: '=': 'double'에서 'int'(으)로 변환하면서 데이터가 손실될 수 있습니다.
PEMAIN.cpp(505): warning C4244: '=': 'double'에서 'int'(으)로 변환하면서 데이터가 손실될 수 있습니다.
PEMAIN.cpp(515): warning C4244: '=': 'double'에서 'int'(으)로 변환하면서 데이터가 손실될 수 있습니다.
PEMAIN.cpp(527): warning C4244: '+=': 'double'에서 'int'(으)로 변환하면서 데이터가 손실될 수 있습니다.
PEMAIN.cpp(543): warning C4244: '=': 'double'에서 'int'(으)로 변환하면서 데이터가 손실될 수 있습니다.
PEMAIN.cpp(545): warning C4244: '=': 'double'에서 'int'(으)로 변환하면서 데이터가 손실될 수 있습니다.
PEMAIN.cpp(592): warning C4244: '+=': 'double'에서 'int'(으)로 변환하면서 데이터가 손실될 수 있습니다.
  DSUTIL.CPP
  DDUTIL.CPP
  코드를 생성하고 있습니다...
  tcpClientPacket.cpp
c:\users\osg\desktop\ngp\네겜프 끝\프로젝트 파일\wspiapi.h(128): warning C4996: 'inet_addr': Use inet_pton() or InetPton() instead or define _WINSOCK_DEPRECATED_NO_WARNINGS to disable deprecated API warnings
  C:\Program Files (x86)\Windows Kits\8.1\Include\um\WinSock2.h(1850): note: 'inet_addr' 선언을 참조하십시오.
c:\users\osg\desktop\ngp\네겜프 끝\프로젝트 파일\wspiapi.h(232): warning C4996: 'gethostbyname': Use getaddrinfo() or GetAddrInfoW() instead or define _WINSOCK_DEPRECATED_NO_WARNINGS to disable deprecated API warnings
  C:\Program Files (x86)\Windows Kits\8.1\Include\um\WinSock2.h(2238): note: 'gethostbyname' 선언을 참조하십시오.
c:\users\osg\desktop\ngp\네겜프 끝\프로젝트 파일\wspiapi.h(613): warning C4996: 'inet_ntoa': Use inet_ntop() or InetNtop() instead or define _WINSOCK_DEPRECATED_NO_WARNINGS to disable deprecated API warnings
  C:\Program Files (x86)\Windows Kits\8.1\Include\um\WinSock2.h(1868): note: 'inet_ntoa' 선언을 참조하십시오.
c:\users\osg\desktop\ngp\네겜프 끝\프로젝트 파일\wspiapi.h(769): warning C4996: 'inet_ntoa': Use inet_ntop() or InetNtop() instead or define _WINSOCK_DEPRECATED_NO_WARNINGS to disable deprecated API warnings
  C:\Program Files (x86)\Windows Kits\8.1\Include\um\WinSock2.h(1868): note: 'inet_ntoa' 선언을 참조하십시오.
c:\users\osg\desktop\ngp\네겜프 끝\프로젝트 파일\wspiapi.h(774): warning C4996: 'gethostbyaddr': Use getnameinfo() or GetNameInfoW() instead or define _WINSOCK_DEPRECATED_NO_WARNINGS to disable deprecated API warnings
  C:\Program Files (x86)\Windows Kits\8.1\Include\um\WinSock2.h(2216): note: 'gethostbyaddr' 선언을 참조하십시오.
c:\users\osg\desktop\ngp\네겜프 끝\프로젝트 파일\wspiapi.h(799): warning C4996: 'inet_ntoa': Use inet_ntop() or InetNtop() instead or define _WINSOCK_DEPRECATED_NO_WARNINGS to disable deprecated API warnings
  C:\Program Files (x86)\Windows Kits\8.1\Include\um\WinSock2.h(1868): note: 'inet_ntoa' 선언을 참조하십시오.
tcpClientPacket.cpp(119): warning C4996: 'gethostbyname': Use getaddrinfo() or GetAddrInfoW() instead or define _WINSOCK_DEPRECATED_NO_WARNINGS to disable deprecated API warnings
  C:\Program Files (x86)\Windows Kits\8.1\Include\um\WinSock2.h(2238): note: 'gethostbyname' 선언을 참조하십시오.
tcpClientPacket.cpp(125): warning C4996: 'inet_ntoa': Use inet_ntop() or InetNtop() instead or define _WINSOCK_DEPRECATED_NO_WARNINGS to disable deprecated API warnings
  C:\Program Files (x86)\Windows Kits\8.1\Include\um\WinSock2.h(1868): note: 'inet_ntoa' 선언을 참조하십시오.
tcpClientPacket.cpp(131): warning C4996: 'inet_addr': Use inet_pton() or InetPton() instead or define _WINSOCK_DEPRECATED_NO_WARNINGS to disable deprecated API warnings
  C:\Program Files (x86)\Windows Kits\8.1\Include\um\WinSock2.h(1850): note: 'inet_addr' 선언을 참조하십시오.
tcpClientPacket.cpp(132): warning C4996: 'gethostbyaddr': Use getnameinfo() or GetNameInfoW() instead or define _WINSOCK_DEPRECATED_NO_WARNINGS to disable deprecated API warnings
  C:\Program Files (x86)\Windows Kits\8.1\Include\um\WinSock2.h(2216): note: 'gethostbyaddr' 선언을 참조하십시오.
tcpClientPacket.cpp(236): warning C4477: 'sscanf' : 서식 문자열 '%d'에 'int *' 형식의 인수가 필요하지만 variadic 인수 9의 형식이 'double *'입니다.
tcpClientPacket.cpp(237): warning C4474: 'sscanf' : 서식 문자열에 전달된 인수가 너무 많습니다.
  tcpClientPacket.cpp(237): note: 자리 표시자 및 해당 매개 변수에는 variadic 인수가 9개 필요하지만 10개가 제공되었습니다.
tcpClientPacket.cpp(320): warning C4996: 'inet_addr': Use inet_pton() or InetPton() instead or define _WINSOCK_DEPRECATED_NO_WARNINGS to disable deprecated API warnings
  C:\Program Files (x86)\Windows Kits\8.1\Include\um\WinSock2.h(1850): note: 'inet_addr' 선언을 참조하십시오.
  PrisonEscape.vcxproj -> C:\Users\OSG\Desktop\ngp\네겜프 끝\프로젝트 파일\Debug\PrisonEscape.exe
